  main.cpp
C:\Monster-Evasion\view.h(23,16): warning C4244: 'argument': conversion from 'double' to 'float', possible loss of data
C:\Monster-Evasion\view.h(27,19): warning C4244: 'argument': conversion from 'double' to 'float', possible loss of data
C:\Monster-Evasion\view.h(31,17): warning C4244: 'argument': conversion from 'double' to 'float', possible loss of data
C:\Monster-Evasion\view.h(34,20): warning C4244: 'argument': conversion from 'double' to 'float', possible loss of data
C:\Monster-Evasion\main.cpp(79,22): warning C4305: 'initializing': truncation from 'double' to 'const float'
C:\Monster-Evasion\main.cpp(80,24): warning C4305: 'initializing': truncation from 'double' to 'const float'
C:\Monster-Evasion\main.cpp(81,23): warning C4305: 'initializing': truncation from 'double' to 'const float'
C:\Monster-Evasion\main.cpp(82,29): warning C4305: 'initializing': truncation from 'double' to 'const float'
C:\Monster-Evasion\main.cpp(180,24): warning C4244: '=': conversion from 'const int' to 'float', possible loss of data
C:\Monster-Evasion\main.cpp(181,26): warning C4244: '=': conversion from 'const int' to 'float', possible loss of data
C:\Monster-Evasion\main.cpp(182,46): warning C4244: '=': conversion from 'const int' to 'float', possible loss of data
C:\Monster-Evasion\main.cpp(183,46): warning C4244: '=': conversion from 'const int' to 'float', possible loss of data
C:\Monster-Evasion\main.cpp(192,11): warning C4244: '=': conversion from 'const int' to 'float', possible loss of data
C:\Monster-Evasion\main.cpp(196,22): warning C4244: 'argument': conversion from 'float' to 'int', possible loss of data
C:\Monster-Evasion\main.cpp(206,11): warning C4244: '=': conversion from 'const int' to 'float', possible loss of data
C:\Monster-Evasion\main.cpp(214,13): warning C4244: '=': conversion from 'const int' to 'float', possible loss of data
C:\Monster-Evasion\main.cpp(229,26): warning C4244: '=': conversion from 'const float' to 'int', possible loss of data
C:\Monster-Evasion\main.cpp(247,14): warning C4244: 'initializing': conversion from 'float' to 'int', possible loss of data
C:\Monster-Evasion\main.cpp(248,15): warning C4244: 'initializing': conversion from 'float' to 'int', possible loss of data
C:\Monster-Evasion\main.cpp(260,27): warning C4244: '=': conversion from 'int' to 'float', possible loss of data
C:\Monster-Evasion\main.cpp(270,27): warning C4244: '=': conversion from 'int' to 'float', possible loss of data
C:\Monster-Evasion\main.cpp(280,1): warning C4244: '-=': conversion from 'double' to 'float', possible loss of data
C:\Monster-Evasion\main.cpp(293,16): warning C4244: '=': conversion from 'const int' to 'float', possible loss of data
C:\Monster-Evasion\main.cpp(463,18): warning C4244: 'initializing': conversion from 'double' to 'float', possible loss of data
C:\Monster-Evasion\main.cpp(517,1): warning C4244: '+=': conversion from 'double' to 'float', possible loss of data
C:\Monster-Evasion\main.cpp(518,1): warning C4244: '+=': conversion from 'double' to 'float', possible loss of data
C:\Monster-Evasion\main.cpp(636,38): warning C4244: '=': conversion from 'double' to 'float', possible loss of data
C:\Monster-Evasion\main.cpp(637,38): warning C4244: '=': conversion from 'double' to 'float', possible loss of data
C:\Monster-Evasion\main.cpp(642,22): warning C4244: 'argument': conversion from 'float' to 'int', possible loss of data
C:\Monster-Evasion\main.cpp(656,17): warning C4244: 'initializing': conversion from 'float' to 'int', possible loss of data
C:\Monster-Evasion\main.cpp(657,17): warning C4244: 'initializing': conversion from 'float' to 'int', possible loss of data
C:\Monster-Evasion\main.cpp(672,14): warning C4244: 'initializing': conversion from 'float' to 'int', possible loss of data
C:\Monster-Evasion\main.cpp(673,15): warning C4244: 'initializing': conversion from 'float' to 'int', possible loss of data
C:\Monster-Evasion\main.cpp(758,12): warning C4244: 'argument': conversion from 'time_t' to 'unsigned int', possible loss of data
C:\Monster-Evasion\main.cpp(835,14): warning C4244: 'initializing': conversion from 'sf::Int64' to 'float', possible loss of data
C:\Monster-Evasion\main.cpp(848,77): warning C4244: '=': conversion from 'float' to 'int', possible loss of data
C:\Monster-Evasion\main.cpp(984,41): warning C4305: '=': truncation from 'double' to 'float'
C:\Monster-Evasion\main.cpp(987,42): warning C4305: '=': truncation from 'double' to 'float'
C:\Monster-Evasion\main.cpp(990,39): warning C4305: '=': truncation from 'double' to 'float'
C:\Monster-Evasion\main.cpp(993,41): warning C4305: '=': truncation from 'double' to 'float'
C:\Monster-Evasion\main.cpp(1012,20): warning C4244: 'initializing': conversion from 'double' to 'float', possible loss of data
C:\Monster-Evasion\main.cpp(1023,36): warning C4244: '+=': conversion from 'float' to 'int', possible loss of data
C:\Monster-Evasion\main.cpp(1035,62): warning C4244: 'argument': conversion from 'int' to 'float', possible loss of data
C:\Monster-Evasion\main.cpp(1035,47): warning C4244: 'argument': conversion from 'int' to 'float', possible loss of data
C:\Monster-Evasion\main.cpp(1111,41): warning C4244: 'argument': conversion from 'int' to 'float', possible loss of data
C:\Monster-Evasion\main.cpp(1111,29): warning C4244: 'argument': conversion from 'int' to 'float', possible loss of data
  stdafx.cpp
  Generating code
  Previous IPDB not found, fall back to full compilation.
C:\Monster-Evasion\main.cpp(546): warning C4715: 'Enemy::getEnemyGraph': not all control paths return a value
C:\Monster-Evasion\main.cpp(68): warning C4715: 'searchGraphCoords': not all control paths return a value
C:\Monster-Evasion\main.cpp(1141): warning C4715: 'GameStart': not all control paths return a value
  All 539 functions were compiled because no usable IPDB/IOBJ from previous compilation was found.
  Finished generating code
  ConsoleApplication2.vcxproj -> C:\Monster-Evasion\Release\GameApplication.exe

Project Performance Summary:
     4732 ms  C:\Monster-Evasion\ConsoleApplication2.vcxproj   1 calls
               4732 ms  Build                                      1 calls

Target Performance Summary:
        0 ms  _CheckForInvalidConfigurationAndPlatform   1 calls
        0 ms  AfterLink                                  1 calls
        0 ms  PreLinkEvent                               1 calls
        0 ms  PrepareResourceNames                       1 calls
        0 ms  CreateCustomManifestResourceNames          1 calls
        0 ms  AssignTargetPaths                          1 calls
        0 ms  ComputeManifestInputsTargets               1 calls
        0 ms  ComputeLinkInputsFromProject               1 calls
        0 ms  ComputeCLGeneratedLinkInputs               1 calls
        0 ms  ComputeCLOutputs                           1 calls
        0 ms  ComputeManifestGeneratedLinkerInputs       1 calls
        0 ms  ComputeRCGeneratedLinkInputs               1 calls
        0 ms  ComputeRCOutputs                           1 calls
        0 ms  BeforeLink                                 1 calls
        0 ms  BuildCompile                               1 calls
        0 ms  AfterBuildCompileEvent                     1 calls
        0 ms  _ResourceCompile                           1 calls
        0 ms  AfterResourceCompile                       1 calls
        0 ms  BeforeResourceCompile                      1 calls
        0 ms  _ClCompile                                 1 calls
        0 ms  _Link                                      1 calls
        0 ms  _ALink                                     1 calls
        0 ms  _Manifest                                  1 calls
        0 ms  ResolvedXDCMake                            1 calls
        0 ms  AfterBuild                                 1 calls
        0 ms  BuildLink                                  1 calls
        0 ms  _BuildLinkAction                           1 calls
        0 ms  PostBuildEvent                             1 calls
        0 ms  PrepareForRun                              1 calls
        0 ms  CopyFilesToOutputDirectory                 1 calls
        0 ms  _CheckForCompileOutputs                    1 calls
        0 ms  _CopySourceItemsToOutputDirectory          1 calls
        0 ms  _GetCopyToOutputDirectoryItemsFromThisProject   1 calls
        0 ms  AfterClCompile                             1 calls
        0 ms  GetCopyToOutputDirectoryXamlAppDefs        1 calls
        0 ms  _Deploy                                    1 calls
        0 ms  _Appverifier                               1 calls
        0 ms  CreateSatelliteAssemblies                  1 calls
        0 ms  MakeDirsForFxc                             1 calls
        0 ms  BuiltProjectOutputGroup                    1 calls
        0 ms  _BscMake                                   1 calls
        0 ms  MakeDirsForBscMake                         1 calls
        0 ms  _XdcMake                                   1 calls
        0 ms  MakeDirsForXdcMake                         1 calls
        0 ms  _PopulateCommonStateForGetCopyToOutputDirectoryItems   1 calls
        0 ms  SelectClCompile                            1 calls
        0 ms  _BuildCompileAction                        1 calls
        0 ms  BuildGenerateSourcesTraverse               1 calls
        0 ms  PreBuildEvent                              1 calls
        0 ms  BeforeBuildGenerateSources                 1 calls
        0 ms  ResolveReferences                          1 calls
        0 ms  AfterResolveReferences                     1 calls
        0 ms  ResolveAssemblyReferences                  1 calls
        0 ms  ExpandSDKReferences                        1 calls
        0 ms  ResolveSDKReferences                       1 calls
        0 ms  SetCABuildNativeEnvironmentVariables       1 calls
        0 ms  _CheckWindowsSDKInstalled                  1 calls
        0 ms  GetResolvedWinMD                           1 calls
        0 ms  GetReferenceAssemblyPaths                  1 calls
        0 ms  GetFrameworkPaths                          1 calls
        0 ms  ResolveProjectReferences                   1 calls
        0 ms  PrepareProjectReferences                   1 calls
        0 ms  _GetProjectReferenceTargetFrameworkProperties   1 calls
        0 ms  _AddOutputPathToGlobalPropertiesToRemove   1 calls
        0 ms  AssignProjectConfiguration                 1 calls
        0 ms  BeforeResolveReferences                    1 calls
        0 ms  _PrepareForReferenceResolution             1 calls
        0 ms  _PrepareForBuild                           1 calls
        0 ms  SetTelemetryEnvironmentVariables           1 calls
        0 ms  SelectCustomBuild                          1 calls
        0 ms  ComputeCustomBuildOutput                   1 calls
        0 ms  Build                                      1 calls
        0 ms  AfterBuildGenerateSourcesEvent             1 calls
        0 ms  AfterMidl                                  1 calls
        0 ms  _BuildGenerateSourcesAction                1 calls
        0 ms  BuildGenerateSources                       1 calls
        0 ms  MakeDirsForMidl                            1 calls
        0 ms  AfterBuildGenerateSources                  1 calls
        0 ms  BuildCompileTraverse                       1 calls
        0 ms  _Xsd                                       1 calls
        0 ms  FindReferenceAssembliesForReferences       1 calls
        0 ms  GetReferencedVCProjectsInfo                1 calls
        0 ms  CopyFileToFolders                          1 calls
        0 ms  BeforeClCompile                            1 calls
        0 ms  _Midl                                      1 calls
        0 ms  ComputeCLInputPDBName                      1 calls
        0 ms  _GetCopyToOutputDirectoryItemsFromTransitiveProjectReferences   1 calls
        1 ms  ComputeCLCompileGeneratedSbrFiles          1 calls
        1 ms  ComputeLegacyManifestEmbedding             1 calls
        1 ms  WarnCompileDuplicatedFilename              1 calls
        1 ms  SatelliteDllsProjectOutputGroup            1 calls
        1 ms  RegisterOutput                             1 calls
        1 ms  ContentFilesProjectOutputGroup             1 calls
        1 ms  _SelectedFiles                             1 calls
        1 ms  BuildLinkTraverse                          1 calls
        1 ms  DoLinkOutputFilesMatch                     1 calls
        1 ms  MakeDirsForResourceCompile                 1 calls
        1 ms  ComputeLinkSwitches                        1 calls
        1 ms  ComputeMIDLGeneratedCompileInputs          1 calls
        1 ms  ComputeReferenceCLInput                    1 calls
        1 ms  ComputeCLCompileGeneratedXDCFiles          1 calls
        1 ms  FixupCLCompileOptions                      1 calls
        1 ms  _GenerateSatelliteAssemblyInputs           1 calls
        1 ms  GetCopyToOutputDirectoryItems              1 calls
        1 ms  CreateRecipeFile                           1 calls
        1 ms  CustomBuild                                1 calls
        2 ms  _CleanGetCurrentAndPriorFileWrites         1 calls
        2 ms  FinalizeBuildStatus                        1 calls
        2 ms  MakeDirsForLink                            1 calls
        2 ms  IncrementalClean                           1 calls
        4 ms  ComputeLinkImportLibraryOutputsForClean    1 calls
        4 ms  SplitResourcesByCulture                    1 calls
        5 ms  SetBuildDefaultEnvironmentVariables        1 calls
        7 ms  _SplitProjectReferencesByFileExistence     1 calls
       10 ms  InitializeBuildStatus                      1 calls
       30 ms  PrepareForBuild                            1 calls
       31 ms  MakeDirsForCl                              1 calls
     2216 ms  Link                                       1 calls
     2389 ms  ClCompile                                  1 calls

Task Performance Summary:
        0 ms  Message                                    3 calls
        0 ms  SetEnv                                     8 calls
        0 ms  AssignProjectConfiguration                 1 calls
        0 ms  MSBuild                                    1 calls
        0 ms  ConvertToAbsolutePath                      1 calls
        0 ms  CheckVCToolsetVersion                      1 calls
        0 ms  ReadLinesFromFile                          2 calls
        0 ms  AssignTargetPath                           7 calls
        0 ms  FindUnderPath                              5 calls
        1 ms  CreateItem                                 2 calls
        1 ms  RemoveDuplicates                           2 calls
        1 ms  AssignCulture                              1 calls
        1 ms  CallTarget                                 2 calls
        1 ms  GenerateDesktopDeployRecipe                1 calls
        1 ms  GetOutOfDateItems                          3 calls
        2 ms  Delete                                     3 calls
        6 ms  Touch                                      2 calls
        9 ms  WriteLinesToFile                           3 calls
       40 ms  MakeDir                                   10 calls
     2215 ms  Link                                       1 calls
     2387 ms  CL                                         1 calls
